# JRE version: OpenJDK Runtime Environment (10.0.2+13) (build 10.0.2+13)
# Java VM: OpenJDK Server VM (10.0.2+13, mixed mode, emulated-client, serial gc, windows-x86)
Heap:
 def new generation   total 46848K, used 35778K [0x05000000, 0x082d0000, 0x1a550000)
  eden space 41664K,  79% used [0x05000000, 0x07025b30, 0x078b0000)
  from space 5184K,  55% used [0x07dc0000, 0x0808add0, 0x082d0000)
  to   space 5184K,   0% used [0x078b0000, 0x078b0000, 0x07dc0000)
 tenured generation   total 103936K, used 66225K [0x1a550000, 0x20ad0000, 0x45000000)
   the space 103936K,  63% used [0x1a550000, 0x1e5fc620, 0x1e5fc800, 0x20ad0000)
 Metaspace       used 23928K, capacity 24015K, committed 24576K, reserved 24960K
GC Heap History (10 events):
Event: 61.870 GC heap before
{Heap before GC invocations=26 (full 6):
 def new generation   total 35328K, used 31763K [0x05000000, 0x07650000, 0x1a550000)
  eden space 31424K, 100% used [0x05000000, 0x06eb0000, 0x06eb0000)
  from space 3904K,   8% used [0x06eb0000, 0x06f04e20, 0x07280000)
  to   space 3904K,   0% used [0x07280000, 0x07280000, 0x07650000)
 tenured generation   total 78400K, used 73409K [0x1a550000, 0x1f1e0000, 0x45000000)
   the space 78400K,  93% used [0x1a550000, 0x1ed007c8, 0x1ed00800, 0x1f1e0000)
 Metaspace       used 23851K, capacity 23948K, committed 24576K, reserved 24960K
}
Event: 61.871 GC heap after
{Heap after GC invocations=27 (full 6):
 def new generation   total 35328K, used 247K [0x05000000, 0x07650000, 0x1a550000)
  eden space 31424K,   0% used [0x05000000, 0x05000000, 0x06eb0000)
  from space 3904K,   6% used [0x07280000, 0x072bdfe8, 0x07650000)
  to   space 3904K,   0% used [0x06eb0000, 0x06eb0000, 0x07280000)
 tenured generation   total 78400K, used 73409K [0x1a550000, 0x1f1e0000, 0x45000000)
   the space 78400K,  93% used [0x1a550000, 0x1ed007c8, 0x1ed00800, 0x1f1e0000)
 Metaspace       used 23851K, capacity 23948K, committed 24576K, reserved 24960K
}
Event: 61.976 GC heap before
{Heap before GC invocations=27 (full 6):
 def new generation   total 35328K, used 30975K [0x05000000, 0x07650000, 0x1a550000)
  eden space 31424K,  97% used [0x05000000, 0x06e01f50, 0x06eb0000)
  from space 3904K,   6% used [0x07280000, 0x072bdfe8, 0x07650000)
  to   space 3904K,   0% used [0x06eb0000, 0x06eb0000, 0x07280000)
 tenured generation   total 78400K, used 73409K [0x1a550000, 0x1f1e0000, 0x45000000)
   the space 78400K,  93% used [0x1a550000, 0x1ed007c8, 0x1ed00800, 0x1f1e0000)
 Metaspace       used 23854K, capacity 23951K, committed 24576K, reserved 24960K
}
Event: 62.028 GC heap after
{Heap after GC invocations=28 (full 7):
 def new generation   total 46848K, used 0K [0x05000000, 0x082d0000, 0x1a550000)
  eden space 41664K,   0% used [0x05000000, 0x05000000, 0x078b0000)
  from space 5184K,   0% used [0x078b0000, 0x078b0000, 0x07dc0000)
  to   space 5184K,   0% used [0x07dc0000, 0x07dc0000, 0x082d0000)
 tenured generation   total 103936K, used 62361K [0x1a550000, 0x20ad0000, 0x45000000)
   the space 103936K,  59% used [0x1a550000, 0x1e236640, 0x1e236800, 0x20ad0000)
 Metaspace       used 23854K, capacity 23951K, committed 24576K, reserved 24960K
}
Event: 62.126 GC heap before
{Heap before GC invocations=28 (full 7):
 def new generation   total 46848K, used 41664K [0x05000000, 0x082d0000, 0x1a550000)
  eden space 41664K, 100% used [0x05000000, 0x078b0000, 0x078b0000)
  from space 5184K,   0% used [0x078b0000, 0x078b0000, 0x07dc0000)
  to   space 5184K,   0% used [0x07dc0000, 0x07dc0000, 0x082d0000)
 tenured generation   total 103936K, used 62361K [0x1a550000, 0x20ad0000, 0x45000000)
   the space 103936K,  59% used [0x1a550000, 0x1e236640, 0x1e236800, 0x20ad0000)
 Metaspace       used 23854K, capacity 23951K, committed 24576K, reserved 24960K
}
Event: 62.130 GC heap after
{Heap after GC invocations=29 (full 7):
 def new generation   total 46848K, used 3550K [0x05000000, 0x082d0000, 0x1a550000)
  eden space 41664K,   0% used [0x05000000, 0x05000000, 0x078b0000)
  from space 5184K,  68% used [0x07dc0000, 0x08137948, 0x082d0000)
  to   space 5184K,   0% used [0x078b0000, 0x078b0000, 0x07dc0000)
 tenured generation   total 103936K, used 62361K [0x1a550000, 0x20ad0000, 0x45000000)
   the space 103936K,  59% used [0x1a550000, 0x1e236640, 0x1e236800, 0x20ad0000)
 Metaspace       used 23854K, capacity 23951K, committed 24576K, reserved 24960K
}
Event: 62.214 GC heap before
{Heap before GC invocations=29 (full 7):
 def new generation   total 46848K, used 44227K [0x05000000, 0x082d0000, 0x1a550000)
  eden space 41664K,  97% used [0x05000000, 0x077b93b0, 0x078b0000)
  from space 5184K,  68% used [0x07dc0000, 0x08137948, 0x082d0000)
  to   space 5184K,   0% used [0x078b0000, 0x078b0000, 0x07dc0000)
 tenured generation   total 103936K, used 62361K [0x1a550000, 0x20ad0000, 0x45000000)
   the space 103936K,  59% used [0x1a550000, 0x1e236640, 0x1e236800, 0x20ad0000)
 Metaspace       used 23854K, capacity 23951K, committed 24576K, reserved 24960K
}
Event: 62.216 GC heap after
{Heap after GC invocations=30 (full 7):
 def new generation   total 46848K, used 29K [0x05000000, 0x082d0000, 0x1a550000)
  eden space 41664K,   0% used [0x05000000, 0x05000000, 0x078b0000)
  from space 5184K,   0% used [0x078b0000, 0x078b76a0, 0x07dc0000)
  to   space 5184K,   0% used [0x07dc0000, 0x07dc0000, 0x082d0000)
 tenured generation   total 103936K, used 63381K [0x1a550000, 0x20ad0000, 0x45000000)
   the space 103936K,  60% used [0x1a550000, 0x1e335490, 0x1e335600, 0x20ad0000)
 Metaspace       used 23854K, capacity 23951K, committed 24576K, reserved 24960K
}
Event: 62.558 GC heap before
{Heap before GC invocations=30 (full 7):
 def new generation   total 46848K, used 41693K [0x05000000, 0x082d0000, 0x1a550000)
  eden space 41664K, 100% used [0x05000000, 0x078b0000, 0x078b0000)
  from space 5184K,   0% used [0x078b0000, 0x078b76a0, 0x07dc0000)
  to   space 5184K,   0% used [0x07dc0000, 0x07dc0000, 0x082d0000)
 tenured generation   total 103936K, used 63381K [0x1a550000, 0x20ad0000, 0x45000000)
   the space 103936K,  60% used [0x1a550000, 0x1e335490, 0x1e335600, 0x20ad0000)
 Metaspace       used 23854K, capacity 23951K, committed 24576K, reserved 24960K
}
Event: 62.562 GC heap after
{Heap after GC invocations=31 (full 7):
 def new generation   total 46848K, used 2859K [0x05000000, 0x082d0000, 0x1a550000)
  eden space 41664K,   0% used [0x05000000, 0x05000000, 0x078b0000)
  from space 5184K,  55% used [0x07dc0000, 0x0808add0, 0x082d0000)
  to   space 5184K,   0% used [0x078b0000, 0x078b0000, 0x07dc0000)
 tenured generation   total 103936K, used 66225K [0x1a550000, 0x20ad0000, 0x45000000)
   the space 103936K,  63% used [0x1a550000, 0x1e5fc620, 0x1e5fc800, 0x20ad0000)
 Metaspace       used 23854K, capacity 23951K, committed 24576K, reserved 24960K
}

