# JRE version: OpenJDK Runtime Environment (10.0.2+13) (build 10.0.2+13)
# Java VM: OpenJDK Server VM (10.0.2+13, mixed mode, emulated-client, serial gc, windows-x86)
Heap:
 def new generation   total 19712K, used 8184K [0x04800000, 0x05d60000, 0x19d50000)
  eden space 17536K,  34% used [0x04800000, 0x04dde3c8, 0x05920000)
  from space 2176K, 100% used [0x05920000, 0x05b40000, 0x05b40000)
  to   space 2176K,   0% used [0x05b40000, 0x05b40000, 0x05d60000)
 tenured generation   total 43712K, used 27306K [0x19d50000, 0x1c800000, 0x44800000)
   the space 43712K,  62% used [0x19d50000, 0x1b7fa9d0, 0x1b7faa00, 0x1c800000)
 Metaspace       used 24163K, capacity 24300K, committed 24576K, reserved 24960K
GC Heap History (10 events):
Event: 5.028 GC heap before
{Heap before GC invocations=5 (full 2):
 def new generation   total 19712K, used 15043K [0x04800000, 0x05d60000, 0x19d50000)
  eden space 17536K,  85% used [0x04800000, 0x056b0c18, 0x05920000)
  from space 2176K,   0% used [0x05920000, 0x05920000, 0x05b40000)
  to   space 2176K,   0% used [0x05b40000, 0x05b40000, 0x05d60000)
 tenured generation   total 43712K, used 14723K [0x19d50000, 0x1c800000, 0x44800000)
   the space 43712K,  33% used [0x19d50000, 0x1abb0e08, 0x1abb1000, 0x1c800000)
 Metaspace       used 22538K, capacity 22678K, committed 22912K, reserved 22912K
}
Event: 5.056 GC heap after
{Heap after GC invocations=6 (full 3):
 def new generation   total 19712K, used 0K [0x04800000, 0x05d60000, 0x19d50000)
  eden space 17536K,   0% used [0x04800000, 0x04800000, 0x05920000)
  from space 2176K,   0% used [0x05920000, 0x05920000, 0x05b40000)
  to   space 2176K,   0% used [0x05b40000, 0x05b40000, 0x05d60000)
 tenured generation   total 43712K, used 18606K [0x19d50000, 0x1c800000, 0x44800000)
   the space 43712K,  42% used [0x19d50000, 0x1af7baa8, 0x1af7bc00, 0x1c800000)
 Metaspace       used 22538K, capacity 22678K, committed 22912K, reserved 22912K
}
Event: 5.056 GC heap before
{Heap before GC invocations=6 (full 3):
 def new generation   total 19712K, used 44K [0x04800000, 0x05d60000, 0x19d50000)
  eden space 17536K,   0% used [0x04800000, 0x0480b3f8, 0x05920000)
  from space 2176K,   0% used [0x05920000, 0x05920000, 0x05b40000)
  to   space 2176K,   0% used [0x05b40000, 0x05b40000, 0x05d60000)
 tenured generation   total 43712K, used 18606K [0x19d50000, 0x1c800000, 0x44800000)
   the space 43712K,  42% used [0x19d50000, 0x1af7baa8, 0x1af7bc00, 0x1c800000)
 Metaspace       used 22538K, capacity 22678K, committed 22912K, reserved 22912K
}
Event: 5.080 GC heap after
{Heap after GC invocations=7 (full 4):
 def new generation   total 19712K, used 0K [0x04800000, 0x05d60000, 0x19d50000)
  eden space 17536K,   0% used [0x04800000, 0x04800000, 0x05920000)
  from space 2176K,   0% used [0x05920000, 0x05920000, 0x05b40000)
  to   space 2176K,   0% used [0x05b40000, 0x05b40000, 0x05d60000)
 tenured generation   total 43712K, used 18155K [0x19d50000, 0x1c800000, 0x44800000)
   the space 43712K,  41% used [0x19d50000, 0x1af0aff0, 0x1af0b000, 0x1c800000)
 Metaspace       used 22538K, capacity 22678K, committed 22912K, reserved 22912K
}
Event: 5.080 GC heap before
{Heap before GC invocations=7 (full 4):
 def new generation   total 19712K, used 45K [0x04800000, 0x05d60000, 0x19d50000)
  eden space 17536K,   0% used [0x04800000, 0x0480b440, 0x05920000)
  from space 2176K,   0% used [0x05920000, 0x05920000, 0x05b40000)
  to   space 2176K,   0% used [0x05b40000, 0x05b40000, 0x05d60000)
 tenured generation   total 43712K, used 18155K [0x19d50000, 0x1c800000, 0x44800000)
   the space 43712K,  41% used [0x19d50000, 0x1af0aff0, 0x1af0b000, 0x1c800000)
 Metaspace       used 22538K, capacity 22678K, committed 22912K, reserved 22912K
}
Event: 5.099 GC heap after
{Heap after GC invocations=8 (full 5):
 def new generation   total 19712K, used 0K [0x04800000, 0x05d60000, 0x19d50000)
  eden space 17536K,   0% used [0x04800000, 0x04800000, 0x05920000)
  from space 2176K,   0% used [0x05920000, 0x05920000, 0x05b40000)
  to   space 2176K,   0% used [0x05b40000, 0x05b40000, 0x05d60000)
 tenured generation   total 43712K, used 18156K [0x19d50000, 0x1c800000, 0x44800000)
   the space 43712K,  41% used [0x19d50000, 0x1af0b068, 0x1af0b200, 0x1c800000)
 Metaspace       used 22538K, capacity 22678K, committed 22912K, reserved 22912K
}
Event: 5.660 GC heap before
{Heap before GC invocations=8 (full 5):
 def new generation   total 19712K, used 17322K [0x04800000, 0x05d60000, 0x19d50000)
  eden space 17536K,  98% used [0x04800000, 0x058ea9e8, 0x05920000)
  from space 2176K,   0% used [0x05920000, 0x05920000, 0x05b40000)
  to   space 2176K,   0% used [0x05b40000, 0x05b40000, 0x05d60000)
 tenured generation   total 43712K, used 18156K [0x19d50000, 0x1c800000, 0x44800000)
   the space 43712K,  41% used [0x19d50000, 0x1af0b068, 0x1af0b200, 0x1c800000)
 Metaspace       used 23337K, capacity 23490K, committed 23808K, reserved 23936K
}
Event: 5.666 GC heap after
{Heap after GC invocations=9 (full 5):
 def new generation   total 19712K, used 963K [0x04800000, 0x05d60000, 0x19d50000)
  eden space 17536K,   0% used [0x04800000, 0x04800000, 0x05920000)
  from space 2176K,  44% used [0x05b40000, 0x05c30da0, 0x05d60000)
  to   space 2176K,   0% used [0x05920000, 0x05920000, 0x05b40000)
 tenured generation   total 43712K, used 25813K [0x19d50000, 0x1c800000, 0x44800000)
   the space 43712K,  59% used [0x19d50000, 0x1b685678, 0x1b685800, 0x1c800000)
 Metaspace       used 23337K, capacity 23490K, committed 23808K, reserved 23936K
}
Event: 124.972 GC heap before
{Heap before GC invocations=9 (full 5):
 def new generation   total 19712K, used 18499K [0x04800000, 0x05d60000, 0x19d50000)
  eden space 17536K, 100% used [0x04800000, 0x05920000, 0x05920000)
  from space 2176K,  44% used [0x05b40000, 0x05c30da0, 0x05d60000)
  to   space 2176K,   0% used [0x05920000, 0x05920000, 0x05b40000)
 tenured generation   total 43712K, used 25813K [0x19d50000, 0x1c800000, 0x44800000)
   the space 43712K,  59% used [0x19d50000, 0x1b685678, 0x1b685800, 0x1c800000)
 Metaspace       used 23924K, capacity 24074K, committed 24320K, reserved 24960K
}
Event: 124.978 GC heap after
{Heap after GC invocations=10 (full 5):
 def new generation   total 19712K, used 2176K [0x04800000, 0x05d60000, 0x19d50000)
  eden space 17536K,   0% used [0x04800000, 0x04800000, 0x05920000)
  from space 2176K, 100% used [0x05920000, 0x05b40000, 0x05b40000)
  to   space 2176K,   0% used [0x05b40000, 0x05b40000, 0x05d60000)
 tenured generation   total 43712K, used 27306K [0x19d50000, 0x1c800000, 0x44800000)
   the space 43712K,  62% used [0x19d50000, 0x1b7fa9d0, 0x1b7faa00, 0x1c800000)
 Metaspace       used 23924K, capacity 24074K, committed 24320K, reserved 24960K
}

